utp_appdev/build/app/outputs/mapping/release/mapping.txt
# compiler: R8
# compiler_version: 1.5.64
# min_api: 21
# pg_map_id: 2081419
...
com.google.android.gms.common.util.PlatformVersion -> com.google.android.gms.common.util.l:
    boolean isAtLeastIceCreamSandwich() -> a
    boolean isAtLeastIceCreamSandwichMR1() -> b
    boolean isAtLeastJellyBean() -> c
    boolean isAtLeastJellyBeanMR2() -> d
    boolean isAtLeastKitKat() -> e
    boolean isAtLeastKitKatWatch() -> f
    boolean isAtLeastLollipop() -> g
    boolean isAtLeastN() -> h
    boolean isAtLeastO() -> i
    boolean isAtLeastP() -> j
com.google.android.gms.common.util.ProcessUtils -> com.google.android.gms.common.util.m:
    java.lang.String zzhf -> a
    int zzhg -> b
    java.lang.String getMyProcessName() -> a
    java.lang.String zzd(int) -> a
    java.io.BufferedReader zzk(java.lang.String) -> a
com.google.android.gms.common.util.Strings -> com.google.android.gms.common.util.n:
    java.lang.String emptyToNull(java.lang.String) -> a
    boolean isEmptyOrWhitespace(java.lang.String) -> b
com.google.android.gms.common.util.UidVerifier -> com.google.android.gms.common.util.o:
    boolean isGooglePlayServicesUid(android.content.Context,int) -> a
    boolean uidHasPackageName(android.content.Context,int,java.lang.String) -> a
com.google.android.gms.common.util.WorkSourceUtil -> com.google.android.gms.common.util.p:
    java.lang.reflect.Method zzhm -> c
    java.lang.reflect.Method zzho -> d
    java.lang.reflect.Method zzhk -> a
    java.lang.reflect.Method zzhl -> b
    android.os.WorkSource fromPackage(android.content.Context,java.lang.String) -> a
    java.util.List getNames(android.os.WorkSource) -> a
    boolean hasWorkSourcePermission(android.content.Context) -> a
    android.os.WorkSource zza(int,java.lang.String) -> a
    java.lang.String zza(android.os.WorkSource,int) -> a
    void zza(android.os.WorkSource,int,java.lang.String) -> a
    java.lang.reflect.Method zzaa() -> a
    int zza(android.os.WorkSource) -> b
    java.lang.reflect.Method zzab() -> b
    java.lang.reflect.Method zzac() -> c
    java.lang.reflect.Method zzad() -> d
    java.lang.reflect.Method zzx() -> e
    java.lang.reflect.Method zzy() -> f
    java.lang.reflect.Method zzz() -> g
com.google.android.gms.common.util.concurrent.NamedThreadFactory -> com.google.android.gms.common.util.q.a:
    java.util.concurrent.ThreadFactory zzhr -> b
    java.lang.String name -> a
com.google.android.gms.common.util.concurrent.zza -> com.google.android.gms.common.util.q.b:
    java.lang.Runnable zzhu -> a
    int priority -> b
com.google.android.gms.common.util.zza -> com.google.android.gms.common.util.r:
    android.content.IntentFilter filter -> a
    long zzgv -> b
    float zzgw -> c
    int zzg(android.content.Context) -> a
    float zzh(android.content.Context) -> b
com.google.android.gms.common.util.zzb -> com.google.android.gms.common.util.s:
    int zzc(int) -> a
com.google.android.gms.common.util.zzc -> com.google.android.gms.common.util.t:
    boolean isMainThread() -> a
com.google.android.gms.common.wrappers.InstantApps -> b.a.a.a.c.q.a:
    android.content.Context zzhv -> a
    java.lang.Boolean zzhw -> b
    boolean isInstantApp(android.content.Context) -> a
com.google.android.gms.common.wrappers.PackageManagerWrapper -> b.a.a.a.c.q.b:
    android.content.Context zzhx -> a
    int checkCallingOrSelfPermission(java.lang.String) -> a
    int checkPermission(java.lang.String,java.lang.String) -> a
    android.content.pm.ApplicationInfo getApplicationInfo(java.lang.String,int) -> a
    java.lang.String[] getPackagesForUid(int) -> a
    boolean isCallerInstantApp() -> a
    android.content.pm.PackageInfo zza(java.lang.String,int,int) -> a
    boolean zzb(int,java.lang.String) -> a
    java.lang.CharSequence getApplicationLabel(java.lang.String) -> b
    android.content.pm.PackageInfo getPackageInfo(java.lang.String,int) -> b